  [4;36;1mSQL (0.2ms)[0m   [0;1mSET SQL_AUTO_IS_NULL=0[0m
  [4;35;1mSQL (0.4ms)[0m   [0mSHOW TABLES[0m
  [4;36;1mSQL (50.6ms)[0m   [0;1mCREATE TABLE `schema_migrations` (`version` varchar(255) NOT NULL) ENGINE=InnoDB[0m
  [4;35;1mSQL (0.5ms)[0m   [0mSHOW KEYS FROM `schema_migrations`[0m
  [4;36;1mSQL (140.3ms)[0m   [0;1mCREATE UNIQUE INDEX `unique_schema_migrations` ON `schema_migrations` (`version`)[0m
  [4;35;1mSQL (0.4ms)[0m   [0mSHOW TABLES[0m
  [4;36;1mSQL (0.3ms)[0m   [0;1mSELECT version FROM schema_migrations[0m
Migrating to CreateCatalogs (20131021181521)
  [4;35;1mSQL (36.1ms)[0m   [0mCREATE TABLE `catalogs` (`id` int(11) DEFAULT NULL auto_increment PRIMARY KEY, `created_at` datetime, `updated_at` datetime) ENGINE=InnoDB[0m
  [4;36;1mSQL (7.8ms)[0m   [0;1mINSERT INTO schema_migrations (version) VALUES ('20131021181521')[0m
Migrating to CreateItems (20131021181600)
  [4;35;1mSQL (39.4ms)[0m   [0mCREATE TABLE `items` (`id` int(11) DEFAULT NULL auto_increment PRIMARY KEY, `name` varchar(255), `description` text, `price` float, `created_at` datetime, `updated_at` datetime) ENGINE=InnoDB[0m
  [4;36;1mSQL (7.8ms)[0m   [0;1mINSERT INTO schema_migrations (version) VALUES ('20131021181600')[0m
Migrating to CreateInventories (20131021181914)
  [4;36;1mSQL (0.2ms)[0m   [0;1mSET SQL_AUTO_IS_NULL=0[0m


Processing ItemsController#index (for 10.22.44.127 at 2013-10-21 14:26:10) [GET]
  [4;35;1mItem Load (0.5ms)[0m   [0mSELECT * FROM `items` [0m
Rendering template within layouts/items
Rendering items/index
Completed in 88ms (View: 79, DB: 1) | 200 OK [http://cor.cs.uky.edu/items]
  [4;36;1mSQL (0.2ms)[0m   [0;1mSET SQL_AUTO_IS_NULL=0[0m


Processing ItemsController#new (for 10.22.44.127 at 2013-10-21 14:26:27) [GET]
  [4;35;1mItem Columns (1.1ms)[0m   [0mSHOW FIELDS FROM `items`[0m
Rendering template within layouts/items
Rendering items/new
Completed in 31ms (View: 23, DB: 1) | 200 OK [http://cor.cs.uky.edu/items/new]
  [4;36;1mSQL (0.2ms)[0m   [0;1mSET SQL_AUTO_IS_NULL=0[0m


Processing ItemsController#create (for 10.22.44.127 at 2013-10-21 14:26:51) [POST]
  Parameters: {"authenticity_token"=>"vzqV1dElsiu0xlnzC9v/HiIjVo6BY+9Qa7WpKWXpTaI=", "item"=>{"price"=>"1.99", "description"=>"This is the greatest book ever created.", "name"=>"Software Engineering Book"}, "commit"=>"Create"}
  [4;35;1mItem Columns (1.1ms)[0m   [0mSHOW FIELDS FROM `items`[0m
  [4;36;1mSQL (0.2ms)[0m   [0;1mBEGIN[0m
  [4;35;1mItem Create (0.4ms)[0m   [0mINSERT INTO `items` (`price`, `description`, `updated_at`, `name`, `created_at`) VALUES(1.99, 'This is the greatest book ever created.', '2013-10-21 18:26:51', 'Software Engineering Book', '2013-10-21 18:26:51')[0m
  [4;36;1mSQL (23.8ms)[0m   [0;1mCOMMIT[0m
Redirected to http://cor.cs.uky.edu:8000/items/1
Completed in 37ms (DB: 26) | 302 Found [http://cor.cs.uky.edu/items]
  [4;35;1mSQL (0.2ms)[0m   [0mSET SQL_AUTO_IS_NULL=0[0m


Processing ItemsController#show (for 10.22.44.127 at 2013-10-21 14:26:51) [GET]
  Parameters: {"id"=>"1"}
  [4;36;1mItem Columns (1.0ms)[0m   [0;1mSHOW FIELDS FROM `items`[0m
  [4;35;1mItem Load (0.4ms)[0m   [0mSELECT * FROM `items` WHERE (`items`.`id` = 1) [0m
Rendering template within layouts/items
Rendering items/show
Completed in 18ms (View: 9, DB: 2) | 200 OK [http://cor.cs.uky.edu/items/1]
  [4;36;1mSQL (0.2ms)[0m   [0;1mSET SQL_AUTO_IS_NULL=0[0m


Processing ApplicationController#index (for 10.22.44.127 at 2013-10-21 14:27:16) [GET]

ActionController::RoutingError (No route matches "/catalog" with {:method=>:get}):
  /usr/lib/ruby/vendor_ruby/action_controller/routing/recognition_optimisation.rb:66:in `recognize_path'
  /usr/lib/ruby/vendor_ruby/action_controller/routing/route_set.rb:442:in `recognize'
  /usr/lib/ruby/vendor_ruby/action_controller/routing/route_set.rb:437:in `call'
  /usr/lib/ruby/vendor_ruby/action_controller/dispatcher.rb:87:in `dispatch'
  /usr/lib/ruby/vendor_ruby/action_controller/dispatcher.rb:121:in `_call'
  /usr/lib/ruby/vendor_ruby/action_controller/dispatcher.rb:130:in `build_middleware_stack'
  /usr/lib/ruby/vendor_ruby/active_record/query_cache.rb:29:in `call'
  /usr/lib/ruby/vendor_ruby/active_record/query_cache.rb:29:in `call'
  /usr/lib/ruby/vendor_ruby/active_record/connection_adapters/abstract/query_cache.rb:34:in `cache'
  /usr/lib/ruby/vendor_ruby/active_record/query_cache.rb:9:in `cache'
  /usr/lib/ruby/vendor_ruby/active_record/query_cache.rb:28:in `call'
  /usr/lib/ruby/vendor_ruby/active_record/connection_adapters/abstract/connection_pool.rb:361:in `call'
  /usr/lib/ruby/vendor_ruby/action_controller/string_coercion.rb:25:in `call'
  /usr/lib/ruby/vendor_ruby/rack/head.rb:9:in `call'
  /usr/lib/ruby/vendor_ruby/rack/methodoverride.rb:24:in `call'
  /usr/lib/ruby/vendor_ruby/action_controller/params_parser.rb:15:in `call'
  /usr/lib/ruby/vendor_ruby/action_controller/session/cookie_store.rb:99:in `call'
  /usr/lib/ruby/vendor_ruby/action_controller/failsafe.rb:26:in `call'
  /usr/lib/ruby/vendor_ruby/rack/lock.rb:15:in `call'
  /usr/lib/ruby/vendor_ruby/action_controller/dispatcher.rb:114:in `call'
  /usr/lib/ruby/vendor_ruby/action_controller/reloader.rb:34:in `run'
  /usr/lib/ruby/vendor_ruby/action_controller/dispatcher.rb:108:in `call'
  /usr/lib/ruby/vendor_ruby/rails/rack/static.rb:31:in `call'
  /usr/lib/ruby/vendor_ruby/rack/urlmap.rb:52:in `call'
  /usr/lib/ruby/vendor_ruby/rack/urlmap.rb:46:in `each'
  /usr/lib/ruby/vendor_ruby/rack/urlmap.rb:46:in `call'
  /usr/lib/ruby/vendor_ruby/rails/rack/log_tailer.rb:17:in `call'
  /usr/lib/ruby/vendor_ruby/rack/handler/webrick.rb:59:in `service'
  /usr/lib/ruby/1.8/webrick/httpserver.rb:104:in `service'
  /usr/lib/ruby/1.8/webrick/httpserver.rb:65:in `run'
  /usr/lib/ruby/1.8/webrick/server.rb:173:in `start_thread'
  /usr/lib/ruby/1.8/webrick/server.rb:162:in `start'
  /usr/lib/ruby/1.8/webrick/server.rb:162:in `start_thread'
  /usr/lib/ruby/1.8/webrick/server.rb:95:in `start'
  /usr/lib/ruby/1.8/webrick/server.rb:92:in `each'
  /usr/lib/ruby/1.8/webrick/server.rb:92:in `start'
  /usr/lib/ruby/1.8/webrick/server.rb:23:in `start'
  /usr/lib/ruby/1.8/webrick/server.rb:82:in `start'
  /usr/lib/ruby/vendor_ruby/rack/handler/webrick.rb:13:in `run'

Rendering rescues/layout (not_found)
  [4;35;1mSQL (0.2ms)[0m   [0mSET SQL_AUTO_IS_NULL=0[0m


Processing CatalogsController#index (for 10.22.44.127 at 2013-10-21 14:27:24) [GET]
  [4;36;1mCatalog Load (0.5ms)[0m   [0;1mSELECT * FROM `catalogs` [0m
Rendering template within layouts/catalogs
Rendering catalogs/index
Completed in 26ms (View: 17, DB: 1) | 200 OK [http://cor.cs.uky.edu/catalogs]
  [4;35;1mSQL (0.2ms)[0m   [0mSET SQL_AUTO_IS_NULL=0[0m


Processing ItemsController#index (for 10.22.44.127 at 2013-10-21 14:27:48) [GET]
  [4;36;1mItem Load (0.4ms)[0m   [0;1mSELECT * FROM `items` [0m
Rendering template within layouts/items
Rendering items/index
  [4;35;1mItem Columns (1.0ms)[0m   [0mSHOW FIELDS FROM `items`[0m
Completed in 16ms (View: 8, DB: 2) | 200 OK [http://cor.cs.uky.edu/items/]
  [4;36;1mSQL (0.2ms)[0m   [0;1mSET SQL_AUTO_IS_NULL=0[0m


Processing ApplicationController#index (for 10.22.44.127 at 2013-10-21 14:28:40) [GET]

ActionController::RoutingError (No route matches "/order" with {:method=>:get}):
  /usr/lib/ruby/vendor_ruby/action_controller/routing/recognition_optimisation.rb:66:in `recognize_path'
  /usr/lib/ruby/vendor_ruby/action_controller/routing/route_set.rb:442:in `recognize'
  /usr/lib/ruby/vendor_ruby/action_controller/routing/route_set.rb:437:in `call'
  /usr/lib/ruby/vendor_ruby/action_controller/dispatcher.rb:87:in `dispatch'
  /usr/lib/ruby/vendor_ruby/action_controller/dispatcher.rb:121:in `_call'
  /usr/lib/ruby/vendor_ruby/action_controller/dispatcher.rb:130:in `build_middleware_stack'
  /usr/lib/ruby/vendor_ruby/active_record/query_cache.rb:29:in `call'
  /usr/lib/ruby/vendor_ruby/active_record/query_cache.rb:29:in `call'
  /usr/lib/ruby/vendor_ruby/active_record/connection_adapters/abstract/query_cache.rb:34:in `cache'
  /usr/lib/ruby/vendor_ruby/active_record/query_cache.rb:9:in `cache'
  /usr/lib/ruby/vendor_ruby/active_record/query_cache.rb:28:in `call'
  /usr/lib/ruby/vendor_ruby/active_record/connection_adapters/abstract/connection_pool.rb:361:in `call'
  /usr/lib/ruby/vendor_ruby/action_controller/string_coercion.rb:25:in `call'
  /usr/lib/ruby/vendor_ruby/rack/head.rb:9:in `call'
  /usr/lib/ruby/vendor_ruby/rack/methodoverride.rb:24:in `call'
  /usr/lib/ruby/vendor_ruby/action_controller/params_parser.rb:15:in `call'
  /usr/lib/ruby/vendor_ruby/action_controller/session/cookie_store.rb:99:in `call'
  /usr/lib/ruby/vendor_ruby/action_controller/failsafe.rb:26:in `call'
  /usr/lib/ruby/vendor_ruby/rack/lock.rb:15:in `call'
  /usr/lib/ruby/vendor_ruby/action_controller/dispatcher.rb:114:in `call'
  /usr/lib/ruby/vendor_ruby/action_controller/reloader.rb:34:in `run'
  /usr/lib/ruby/vendor_ruby/action_controller/dispatcher.rb:108:in `call'
  /usr/lib/ruby/vendor_ruby/rails/rack/static.rb:31:in `call'
  /usr/lib/ruby/vendor_ruby/rack/urlmap.rb:52:in `call'
  /usr/lib/ruby/vendor_ruby/rack/urlmap.rb:46:in `each'
  /usr/lib/ruby/vendor_ruby/rack/urlmap.rb:46:in `call'
  /usr/lib/ruby/vendor_ruby/rails/rack/log_tailer.rb:17:in `call'
  /usr/lib/ruby/vendor_ruby/rack/handler/webrick.rb:59:in `service'
  /usr/lib/ruby/1.8/webrick/httpserver.rb:104:in `service'
  /usr/lib/ruby/1.8/webrick/httpserver.rb:65:in `run'
  /usr/lib/ruby/1.8/webrick/server.rb:173:in `start_thread'
  /usr/lib/ruby/1.8/webrick/server.rb:162:in `start'
  /usr/lib/ruby/1.8/webrick/server.rb:162:in `start_thread'
  /usr/lib/ruby/1.8/webrick/server.rb:95:in `start'
  /usr/lib/ruby/1.8/webrick/server.rb:92:in `each'
  /usr/lib/ruby/1.8/webrick/server.rb:92:in `start'
  /usr/lib/ruby/1.8/webrick/server.rb:23:in `start'
  /usr/lib/ruby/1.8/webrick/server.rb:82:in `start'
  /usr/lib/ruby/vendor_ruby/rack/handler/webrick.rb:13:in `run'

Rendering rescues/layout (not_found)
  [4;35;1mSQL (0.2ms)[0m   [0mSET SQL_AUTO_IS_NULL=0[0m


Processing OrdersController#index (for 10.22.44.127 at 2013-10-21 14:28:44) [GET]
  [4;36;1mOrder Load (0.0ms)[0m   [0;1mMysql::Error: Table 'jwryle2.orders' doesn't exist: SELECT * FROM `orders` [0m

ActiveRecord::StatementInvalid (Mysql::Error: Table 'jwryle2.orders' doesn't exist: SELECT * FROM `orders` ):
  /usr/lib/ruby/vendor_ruby/active_record/connection_adapters/abstract_adapter.rb:227:in `log'
  /usr/lib/ruby/vendor_ruby/active_record/connection_adapters/mysql_adapter.rb:324:in `execute'
  /usr/lib/ruby/vendor_ruby/active_record/connection_adapters/mysql_adapter.rb:639:in `select'
  /usr/lib/ruby/vendor_ruby/active_record/connection_adapters/abstract/database_statements.rb:7:in `select_all_without_query_cache'
  /usr/lib/ruby/vendor_ruby/active_record/connection_adapters/abstract/query_cache.rb:60:in `select_all'
  /usr/lib/ruby/vendor_ruby/active_record/connection_adapters/abstract/query_cache.rb:81:in `cache_sql'
  /usr/lib/ruby/vendor_ruby/active_record/connection_adapters/abstract/query_cache.rb:60:in `select_all'
  /usr/lib/ruby/vendor_ruby/active_record/base.rb:665:in `find_by_sql'
  /usr/lib/ruby/vendor_ruby/active_record/base.rb:1582:in `find_every'
  /usr/lib/ruby/vendor_ruby/active_record/base.rb:619:in `find'
  /usr/lib/ruby/vendor_ruby/active_record/base.rb:639:in `all'
  app/controllers/orders_controller.rb:5:in `index'
  /usr/lib/ruby/vendor_ruby/action_controller/base.rb:1333:in `send'
  /usr/lib/ruby/vendor_ruby/action_controller/base.rb:1333:in `perform_action_without_filters'
  /usr/lib/ruby/vendor_ruby/action_controller/filters.rb:617:in `call_filters'
  /usr/lib/ruby/vendor_ruby/action_controller/filters.rb:610:in `perform_action_without_benchmark'
  /usr/lib/ruby/vendor_ruby/action_controller/benchmarking.rb:68:in `perform_action_without_rescue'
  /usr/lib/ruby/vendor_ruby/action_controller/benchmarking.rb:68:in `perform_action_without_rescue'
  /usr/lib/ruby/vendor_ruby/action_controller/rescue.rb:160:in `perform_action_without_flash'
  /usr/lib/ruby/vendor_ruby/action_controller/flash.rb:151:in `perform_action'
  /usr/lib/ruby/vendor_ruby/action_controller/base.rb:532:in `send'
  /usr/lib/ruby/vendor_ruby/action_controller/base.rb:532:in `process_without_filters'
  /usr/lib/ruby/vendor_ruby/action_controller/filters.rb:606:in `process'
  /usr/lib/ruby/vendor_ruby/action_controller/base.rb:391:in `process'
  /usr/lib/ruby/vendor_ruby/action_controller/base.rb:386:in `call'
  /usr/lib/ruby/vendor_ruby/action_controller/routing/route_set.rb:438:in `call'
  /usr/lib/ruby/vendor_ruby/action_controller/dispatcher.rb:87:in `dispatch'
  /usr/lib/ruby/vendor_ruby/action_controller/dispatcher.rb:121:in `_call'
  /usr/lib/ruby/vendor_ruby/action_controller/dispatcher.rb:130:in `build_middleware_stack'
  /usr/lib/ruby/vendor_ruby/active_record/query_cache.rb:29:in `call'
  /usr/lib/ruby/vendor_ruby/active_record/query_cache.rb:29:in `call'
  /usr/lib/ruby/vendor_ruby/active_record/connection_adapters/abstract/query_cache.rb:34:in `cache'
  /usr/lib/ruby/vendor_ruby/active_record/query_cache.rb:9:in `cache'
  /usr/lib/ruby/vendor_ruby/active_record/query_cache.rb:28:in `call'
  /usr/lib/ruby/vendor_ruby/active_record/connection_adapters/abstract/connection_pool.rb:361:in `call'
  /usr/lib/ruby/vendor_ruby/action_controller/string_coercion.rb:25:in `call'
  /usr/lib/ruby/vendor_ruby/rack/head.rb:9:in `call'
  /usr/lib/ruby/vendor_ruby/rack/methodoverride.rb:24:in `call'
  /usr/lib/ruby/vendor_ruby/action_controller/params_parser.rb:15:in `call'
  /usr/lib/ruby/vendor_ruby/action_controller/session/cookie_store.rb:99:in `call'
  /usr/lib/ruby/vendor_ruby/action_controller/failsafe.rb:26:in `call'
  /usr/lib/ruby/vendor_ruby/rack/lock.rb:15:in `call'
  /usr/lib/ruby/vendor_ruby/action_controller/dispatcher.rb:114:in `call'
  /usr/lib/ruby/vendor_ruby/action_controller/reloader.rb:34:in `run'
  /usr/lib/ruby/vendor_ruby/action_controller/dispatcher.rb:108:in `call'
  /usr/lib/ruby/vendor_ruby/rails/rack/static.rb:31:in `call'
  /usr/lib/ruby/vendor_ruby/rack/urlmap.rb:52:in `call'
  /usr/lib/ruby/vendor_ruby/rack/urlmap.rb:46:in `each'
  /usr/lib/ruby/vendor_ruby/rack/urlmap.rb:46:in `call'
  /usr/lib/ruby/vendor_ruby/rails/rack/log_tailer.rb:17:in `call'
  /usr/lib/ruby/vendor_ruby/rack/handler/webrick.rb:59:in `service'
  /usr/lib/ruby/1.8/webrick/httpserver.rb:104:in `service'
  /usr/lib/ruby/1.8/webrick/httpserver.rb:65:in `run'
  /usr/lib/ruby/1.8/webrick/server.rb:173:in `start_thread'
  /usr/lib/ruby/1.8/webrick/server.rb:162:in `start'
  /usr/lib/ruby/1.8/webrick/server.rb:162:in `start_thread'
  /usr/lib/ruby/1.8/webrick/server.rb:95:in `start'
  /usr/lib/ruby/1.8/webrick/server.rb:92:in `each'
  /usr/lib/ruby/1.8/webrick/server.rb:92:in `start'
  /usr/lib/ruby/1.8/webrick/server.rb:23:in `start'
  /usr/lib/ruby/1.8/webrick/server.rb:82:in `start'
  /usr/lib/ruby/vendor_ruby/rack/handler/webrick.rb:13:in `run'

Rendered rescues/_trace (29.4ms)
Rendered rescues/_request_and_response (12.0ms)
Rendering rescues/layout (internal_server_error)
